<?xml version="1.0" encoding="UTF-8"?>
<!-- Generated by org.testng.reporters.JUnitReportReporter -->
<testsuite hostname="LAPTOP-D6IT8EFO" failures="0" tests="1" name="com.kerchanshe.tests.sample" time="12.635" errors="0" timestamp="2023-11-27T11:50:18 IST" skipped="0">
  <testcase classname="com.kerchanshe.tests.sample" name="verifyRadioButton" time="12.635"/>
</testsuite> <!-- com.kerchanshe.tests.sample -->
