<?xml version="1.0" encoding="UTF-8"?>
<!-- Generated by org.testng.reporters.JUnitReportReporter -->
<testsuite hostname="MyDELLPC" failures="0" tests="7" name="com.kerchanshe.tests.CompanyMastersTest" time="45.203" errors="0" timestamp="2023-12-06T09:57:28 IST" skipped="6">
  <testcase classname="com.kerchanshe.tests.CompanyMastersTest" name="verifyDownloadFunctionality" time="45.203"/>
  <testcase classname="com.kerchanshe.tests.CompanyMastersTest" name="verifyEditFunctionality">
    <skipped/>
  </testcase> <!-- verifyEditFunctionality -->
  <testcase classname="com.kerchanshe.tests.CompanyMastersTest" name="verifyNextButtonEnabled">
    <skipped/>
  </testcase> <!-- verifyNextButtonEnabled -->
  <testcase classname="com.kerchanshe.tests.CompanyMastersTest" name="verifyAddNewAndSearchCompanyFunctionality">
    <skipped/>
  </testcase> <!-- verifyAddNewAndSearchCompanyFunctionality -->
  <testcase classname="com.kerchanshe.tests.CompanyMastersTest" name="verifyDeleteFunctionality">
    <skipped/>
  </testcase> <!-- verifyDeleteFunctionality -->
  <testcase classname="com.kerchanshe.tests.CompanyMastersTest" name="verifyViewFunctionality">
    <skipped/>
  </testcase> <!-- verifyViewFunctionality -->
  <testcase classname="com.kerchanshe.tests.CompanyMastersTest" name="verifyPreviousButtonEnabled">
    <skipped/>
  </testcase> <!-- verifyPreviousButtonEnabled -->
</testsuite> <!-- com.kerchanshe.tests.CompanyMastersTest -->
