<?xml version="1.0" encoding="UTF-8"?>
<!-- Generated by org.testng.reporters.JUnitReportReporter -->
<testsuite hostname="MyDELLPC" failures="0" tests="6" name="com.kerchanshe.tests.CityMastersTest" time="125.839" errors="0" timestamp="2023-12-08T08:54:00 IST" skipped="3">
  <testcase classname="com.kerchanshe.tests.CityMastersTest" name="verifyAddNewAndSearchCityFunctionality" time="52.011"/>
  <testcase classname="com.kerchanshe.tests.CityMastersTest" name="verifyViewFunctionality" time="34.903"/>
  <testcase classname="com.kerchanshe.tests.CityMastersTest" name="verifyEditFunctionality" time="38.925"/>
  <testcase classname="com.kerchanshe.tests.CityMastersTest" name="verifyPreviousButtonEnabled">
    <skipped/>
  </testcase> <!-- verifyPreviousButtonEnabled -->
  <testcase classname="com.kerchanshe.tests.CityMastersTest" name="verifyNextButtonEnabled">
    <skipped/>
  </testcase> <!-- verifyNextButtonEnabled -->
  <testcase classname="com.kerchanshe.tests.CityMastersTest" name="verifyDeleteFunctionality">
    <skipped/>
  </testcase> <!-- verifyDeleteFunctionality -->
</testsuite> <!-- com.kerchanshe.tests.CityMastersTest -->
