<?xml version="1.0" encoding="UTF-8"?>
<!-- Generated by org.testng.reporters.JUnitReportReporter -->
<testsuite hostname="LAPTOP-D6IT8EFO" failures="0" tests="4" name="com.kerchanshe.tests.DesignationMastersTest" time="42.038" errors="0" timestamp="2023-12-02T21:06:01 IST" skipped="3">
  <testcase classname="com.kerchanshe.tests.DesignationMastersTest" name="verifyViewDesignationFunctionality" time="42.038"/>
  <testcase classname="com.kerchanshe.tests.DesignationMastersTest" name="verifyAddNewAndSearchDesignationFunctionality">
    <skipped/>
  </testcase> <!-- verifyAddNewAndSearchDesignationFunctionality -->
  <testcase classname="com.kerchanshe.tests.DesignationMastersTest" name="verifyDeleteDesignationFunctionality">
    <skipped/>
  </testcase> <!-- verifyDeleteDesignationFunctionality -->
  <testcase classname="com.kerchanshe.tests.DesignationMastersTest" name="verifyEditDesignationFunctionality">
    <skipped/>
  </testcase> <!-- verifyEditDesignationFunctionality -->
</testsuite> <!-- com.kerchanshe.tests.DesignationMastersTest -->
